<?xml version="1.0" encoding="UTF-8"?>
<!-- Generated by org.testng.reporters.JUnitXMLReporter -->
<testsuite hostname="rodin-HP" name="Default test" tests="4" failures="0" timestamp="23 Oct 2014 14:03:07 GMT" time="15.222" errors="0">
  <testcase name="testEmptyGroupCreation" time="1.64" classname="com.example.tests.GroupCreationTests"/>
  <testcase name="testNonEmptyGroupCreation" time="2.7" classname="com.example.tests.GroupCreationTests"/>
  <testcase name="testEmptyContactCreation" time="1.387" classname="com.example.tests.ContactCreationTests"/>
  <testcase name="testNonEmptyContactCreation" time="3.124" classname="com.example.tests.ContactCreationTests"/>
</testsuite> <!-- Default test -->
