<?xml version="1.0" encoding="UTF-8"?>
<!-- Generated by org.testng.reporters.JUnitXMLReporter -->
<testsuite hostname="rodin-HP" name="Default test" tests="4" failures="0" timestamp="17 Oct 2014 11:04:43 GMT" time="16.426" errors="0">
  <testcase name="testEmptyGroupCreation" time="2.346" classname="com.example.tests.GroupCreationTests"/>
  <testcase name="testNonEmptyGroupCreation" time="2.419" classname="com.example.tests.GroupCreationTests"/>
  <testcase name="testEmptyContactCreation" time="1.377" classname="com.example.tests.ContactCreationTests"/>
  <testcase name="testNonEmptyContactCreation" time="2.207" classname="com.example.tests.ContactCreationTests"/>
</testsuite> <!-- Default test -->
