<?xml version="1.0" encoding="UTF-8"?>
<testng-results skipped="0" failed="0" total="4" passed="4">
  <reporter-output>
  </reporter-output>
  <suite name="Default suite" duration-ms="16426" started-at="2014-10-17T11:04:26Z" finished-at="2014-10-17T11:04:43Z">
    <groups>
    </groups>
    <test name="Default test" duration-ms="16426" started-at="2014-10-17T11:04:26Z" finished-at="2014-10-17T11:04:43Z">
      <class name="com.example.tests.TestBase">
        <test-method status="PASS" signature="setUp()[pri:0, instance:com.example.tests.TestBase@1c53fd30]" name="setUp" is-config="true" duration-ms="7572" started-at="2014-10-17T15:04:26Z" finished-at="2014-10-17T15:04:34Z">
          <reporter-output>
          </reporter-output>
        </test-method> <!-- setUp -->
        <test-method status="PASS" signature="tearDown()[pri:0, instance:com.example.tests.TestBase@1c53fd30]" name="tearDown" is-config="true" duration-ms="491" started-at="2014-10-17T15:04:42Z" finished-at="2014-10-17T15:04:43Z">
          <reporter-output>
          </reporter-output>
        </test-method> <!-- tearDown -->
      </class> <!-- com.example.tests.TestBase -->
      <class name="com.example.tests.ContactCreationTests">
        <test-method status="PASS" signature="testEmptyContactCreation()[pri:0, instance:com.example.tests.ContactCreationTests@64c64813]" name="testEmptyContactCreation" duration-ms="1377" started-at="2014-10-17T15:04:39Z" finished-at="2014-10-17T15:04:40Z">
          <reporter-output>
          </reporter-output>
        </test-method> <!-- testEmptyContactCreation -->
        <test-method status="PASS" signature="testNonEmptyContactCreation()[pri:0, instance:com.example.tests.ContactCreationTests@64c64813]" name="testNonEmptyContactCreation" duration-ms="2207" started-at="2014-10-17T15:04:40Z" finished-at="2014-10-17T15:04:42Z">
          <reporter-output>
          </reporter-output>
        </test-method> <!-- testNonEmptyContactCreation -->
      </class> <!-- com.example.tests.ContactCreationTests -->
      <class name="com.example.tests.GroupCreationTests">
        <test-method status="PASS" signature="testEmptyGroupCreation()[pri:0, instance:com.example.tests.GroupCreationTests@f5f2bb7]" name="testEmptyGroupCreation" duration-ms="2346" started-at="2014-10-17T15:04:34Z" finished-at="2014-10-17T15:04:36Z">
          <reporter-output>
          </reporter-output>
        </test-method> <!-- testEmptyGroupCreation -->
        <test-method status="PASS" signature="testNonEmptyGroupCreation()[pri:0, instance:com.example.tests.GroupCreationTests@f5f2bb7]" name="testNonEmptyGroupCreation" duration-ms="2419" started-at="2014-10-17T15:04:36Z" finished-at="2014-10-17T15:04:39Z">
          <reporter-output>
          </reporter-output>
        </test-method> <!-- testNonEmptyGroupCreation -->
      </class> <!-- com.example.tests.GroupCreationTests -->
    </test> <!-- Default test -->
  </suite> <!-- Default suite -->
</testng-results>
