<?xml version="1.0" encoding="UTF-8"?>
<testng-results skipped="0" failed="0" total="4" passed="4">
  <reporter-output>
  </reporter-output>
  <suite name="Default suite" duration-ms="15222" started-at="2014-10-23T14:02:52Z" finished-at="2014-10-23T14:03:07Z">
    <groups>
    </groups>
    <test name="Default test" duration-ms="15222" started-at="2014-10-23T14:02:52Z" finished-at="2014-10-23T14:03:07Z">
      <class name="com.example.tests.TestBase">
        <test-method status="PASS" signature="setUp()[pri:0, instance:com.example.tests.TestBase@1c53fd30]" name="setUp" is-config="true" duration-ms="5889" started-at="2014-10-23T18:02:52Z" finished-at="2014-10-23T18:02:58Z">
          <reporter-output>
          </reporter-output>
        </test-method> <!-- setUp -->
        <test-method status="PASS" signature="tearDown()[pri:0, instance:com.example.tests.TestBase@1c53fd30]" name="tearDown" is-config="true" duration-ms="467" started-at="2014-10-23T18:03:06Z" finished-at="2014-10-23T18:03:07Z">
          <reporter-output>
          </reporter-output>
        </test-method> <!-- tearDown -->
      </class> <!-- com.example.tests.TestBase -->
      <class name="com.example.tests.ContactCreationTests">
        <test-method status="PASS" signature="testEmptyContactCreation()[pri:0, instance:com.example.tests.ContactCreationTests@64c64813]" name="testEmptyContactCreation" duration-ms="1387" started-at="2014-10-23T18:03:02Z" finished-at="2014-10-23T18:03:03Z">
          <reporter-output>
          </reporter-output>
        </test-method> <!-- testEmptyContactCreation -->
        <test-method status="PASS" signature="testNonEmptyContactCreation()[pri:0, instance:com.example.tests.ContactCreationTests@64c64813]" name="testNonEmptyContactCreation" duration-ms="3124" started-at="2014-10-23T18:03:03Z" finished-at="2014-10-23T18:03:06Z">
          <reporter-output>
          </reporter-output>
        </test-method> <!-- testNonEmptyContactCreation -->
      </class> <!-- com.example.tests.ContactCreationTests -->
      <class name="com.example.tests.GroupCreationTests">
        <test-method status="PASS" signature="testEmptyGroupCreation()[pri:0, instance:com.example.tests.GroupCreationTests@f5f2bb7]" name="testEmptyGroupCreation" duration-ms="1640" started-at="2014-10-23T18:02:58Z" finished-at="2014-10-23T18:02:59Z">
          <reporter-output>
          </reporter-output>
        </test-method> <!-- testEmptyGroupCreation -->
        <test-method status="PASS" signature="testNonEmptyGroupCreation()[pri:0, instance:com.example.tests.GroupCreationTests@f5f2bb7]" name="testNonEmptyGroupCreation" duration-ms="2700" started-at="2014-10-23T18:02:59Z" finished-at="2014-10-23T18:03:02Z">
          <reporter-output>
          </reporter-output>
        </test-method> <!-- testNonEmptyGroupCreation -->
      </class> <!-- com.example.tests.GroupCreationTests -->
    </test> <!-- Default test -->
  </suite> <!-- Default suite -->
</testng-results>
